<?xml version="1.0" encoding="UTF-8"?>
<testng-results skipped="0" failed="0" ignored="0" total="1" passed="1">
  <reporter-output>
  </reporter-output>
  <suite name="Default suite" duration-ms="47823" started-at="2019-02-19T00:10:45Z" finished-at="2019-02-19T00:11:33Z">
    <groups>
    </groups>
    <test name="Default test" duration-ms="47823" started-at="2019-02-19T00:10:45Z" finished-at="2019-02-19T00:11:33Z">
      <class name="com.parkingcalculator.test.BookingHotelRoomTest">
        <test-method status="PASS" signature="beforeAllTestStart()[pri:0, instance:com.parkingcalculator.test.BookingHotelRoomTest@1c7cbad]" name="beforeAllTestStart" is-config="true" duration-ms="47" started-at="2019-02-18T19:10:45Z" finished-at="2019-02-18T19:10:45Z">
          <reporter-output>
          </reporter-output>
        </test-method> <!-- beforeAllTestStart -->
        <test-method status="PASS" signature="beforeEachTestStart()[pri:0, instance:com.parkingcalculator.test.BookingHotelRoomTest@1c7cbad]" name="beforeEachTestStart" is-config="true" duration-ms="5189" started-at="2019-02-18T19:10:45Z" finished-at="2019-02-18T19:10:50Z">
          <reporter-output>
          </reporter-output>
        </test-method> <!-- beforeEachTestStart -->
        <test-method status="PASS" signature="hotelReservation()[pri:0, instance:com.parkingcalculator.test.BookingHotelRoomTest@1c7cbad]" name="hotelReservation" duration-ms="35429" started-at="2019-02-18T19:10:50Z" finished-at="2019-02-18T19:11:26Z">
          <reporter-output>
          </reporter-output>
        </test-method> <!-- hotelReservation -->
        <test-method status="PASS" signature="afterEachTestEnd()[pri:0, instance:com.parkingcalculator.test.BookingHotelRoomTest@1c7cbad]" name="afterEachTestEnd" is-config="true" duration-ms="7112" started-at="2019-02-18T19:11:26Z" finished-at="2019-02-18T19:11:33Z">
          <reporter-output>
          </reporter-output>
        </test-method> <!-- afterEachTestEnd -->
        <test-method status="PASS" signature="afterAllTestCompleted()[pri:0, instance:com.parkingcalculator.test.BookingHotelRoomTest@1c7cbad]" name="afterAllTestCompleted" is-config="true" duration-ms="0" started-at="2019-02-18T19:11:33Z" finished-at="2019-02-18T19:11:33Z">
          <reporter-output>
          </reporter-output>
        </test-method> <!-- afterAllTestCompleted -->
      </class> <!-- com.parkingcalculator.test.BookingHotelRoomTest -->
    </test> <!-- Default test -->
  </suite> <!-- Default suite -->
</testng-results>
